2014-06-21 20:31:33,614 - Log4JLogChute initialized using file 'velocity.log'
2014-06-21 20:31:33,614 - Velocity was not initialized! Calling init()...
2014-06-21 20:31:33,614 - Starting Apache Velocity v1.5 (compiled: 2007-02-22 08:52:29)
2014-06-21 20:31:33,614 - Default Properties File: org/apache/velocity/runtime/defaults/velocity.properties
2014-06-21 20:31:33,614 - Trying to use logger class org.apache.velocity.runtime.log.AvalonLogChute
2014-06-21 20:31:33,615 - Couldn't find class org.apache.velocity.runtime.log.AvalonLogChute or necessary supporting classes in classpath.
java.lang.NoClassDefFoundError: org/apache/log/format/Formatter
	at java.lang.Class.forName0(Native Method)
	at java.lang.Class.forName(Class.java:249)
	at org.apache.velocity.util.ClassUtils.getClass(ClassUtils.java:63)
	at org.apache.velocity.util.ClassUtils.getNewInstance(ClassUtils.java:95)
	at org.apache.velocity.runtime.log.LogManager.createLogChute(LogManager.java:147)
	at org.apache.velocity.runtime.log.LogManager.updateLog(LogManager.java:208)
	at org.apache.velocity.runtime.RuntimeInstance.initializeLog(RuntimeInstance.java:728)
	at org.apache.velocity.runtime.RuntimeInstance.init(RuntimeInstance.java:240)
	at org.apache.velocity.runtime.RuntimeInstance.parse(RuntimeInstance.java:993)
	at org.apache.velocity.runtime.RuntimeInstance.parse(RuntimeInstance.java:972)
	at org.apache.velocity.runtime.RuntimeSingleton.parse(RuntimeSingleton.java:265)
	at org.apache.velocity.app.Velocity.evaluate(Velocity.java:274)
	at com.jk.weather.WeatherFormatter.format(WeatherFormatter.java:21)
	at com.jk.weather.WeatherFormatterTest.testFormat(WeatherFormatterTest.java:17)
	at sun.reflect.NativeMethodAccessorImpl.invoke0(Native Method)
	at sun.reflect.NativeMethodAccessorImpl.invoke(NativeMethodAccessorImpl.java:39)
	at sun.reflect.DelegatingMethodAccessorImpl.invoke(DelegatingMethodAccessorImpl.java:25)
	at java.lang.reflect.Method.invoke(Method.java:597)
	at junit.framework.TestCase.runTest(TestCase.java:154)
	at junit.framework.TestCase.runBare(TestCase.java:127)
	at junit.framework.TestResult$1.protect(TestResult.java:106)
	at junit.framework.TestResult.runProtected(TestResult.java:124)
	at junit.framework.TestResult.run(TestResult.java:109)
	at junit.framework.TestCase.run(TestCase.java:118)
	at junit.framework.TestSuite.runTest(TestSuite.java:208)
	at junit.framework.TestSuite.run(TestSuite.java:203)
	at sun.reflect.NativeMethodAccessorImpl.invoke0(Native Method)
	at sun.reflect.NativeMethodAccessorImpl.invoke(NativeMethodAccessorImpl.java:39)
	at sun.reflect.DelegatingMethodAccessorImpl.invoke(DelegatingMethodAccessorImpl.java:25)
	at java.lang.reflect.Method.invoke(Method.java:597)
	at org.apache.maven.surefire.junit.JUnitTestSet.execute(JUnitTestSet.java:95)
	at org.apache.maven.surefire.junit.JUnit3Provider.executeTestSet(JUnit3Provider.java:121)
	at org.apache.maven.surefire.junit.JUnit3Provider.invoke(JUnit3Provider.java:98)
	at sun.reflect.NativeMethodAccessorImpl.invoke0(Native Method)
	at sun.reflect.NativeMethodAccessorImpl.invoke(NativeMethodAccessorImpl.java:39)
	at sun.reflect.DelegatingMethodAccessorImpl.invoke(DelegatingMethodAccessorImpl.java:25)
	at java.lang.reflect.Method.invoke(Method.java:597)
	at org.apache.maven.surefire.util.ReflectionUtils.invokeMethodWithArray(ReflectionUtils.java:189)
	at org.apache.maven.surefire.booter.ProviderFactory$ProviderProxy.invoke(ProviderFactory.java:165)
	at org.apache.maven.surefire.booter.ProviderFactory.invokeProvider(ProviderFactory.java:85)
	at org.apache.maven.surefire.booter.ForkedBooter.runSuitesInProcess(ForkedBooter.java:115)
	at org.apache.maven.surefire.booter.ForkedBooter.main(ForkedBooter.java:75)
Caused by: java.lang.ClassNotFoundException: org.apache.log.format.Formatter
	at java.net.URLClassLoader$1.run(URLClassLoader.java:202)
	at java.security.AccessController.doPrivileged(Native Method)
	at java.net.URLClassLoader.findClass(URLClassLoader.java:190)
	at java.lang.ClassLoader.loadClass(ClassLoader.java:306)
	at sun.misc.Launcher$AppClassLoader.loadClass(Launcher.java:301)
	at java.lang.ClassLoader.loadClass(ClassLoader.java:247)
	... 42 more
2014-06-21 20:31:33,617 - Trying to use logger class org.apache.velocity.runtime.log.Log4JLogChute
2014-06-21 20:31:33,617 - Using logger class org.apache.velocity.runtime.log.Log4JLogChute
2014-06-21 20:31:33,619 - Default ResourceManager initializing. (class org.apache.velocity.runtime.resource.ResourceManagerImpl)
2014-06-21 20:31:33,621 - ResourceLoader instantiated: org.apache.velocity.runtime.resource.loader.FileResourceLoader
2014-06-21 20:31:33,622 - Do unicode file recognition:  false
2014-06-21 20:31:33,622 - FileResourceLoader : adding path '.'
2014-06-21 20:31:33,631 - ResourceCache: initialized (class org.apache.velocity.runtime.resource.ResourceCacheImpl)
2014-06-21 20:31:33,632 - Loaded System Directive: org.apache.velocity.runtime.directive.Literal
2014-06-21 20:31:33,633 - Loaded System Directive: org.apache.velocity.runtime.directive.Macro
2014-06-21 20:31:33,634 - Loaded System Directive: org.apache.velocity.runtime.directive.Parse
2014-06-21 20:31:33,635 - Loaded System Directive: org.apache.velocity.runtime.directive.Include
2014-06-21 20:31:33,635 - Loaded System Directive: org.apache.velocity.runtime.directive.Foreach
2014-06-21 20:31:33,659 - Created '20' parsers.
2014-06-21 20:31:33,663 - Velocimacro : "velocimacro.library" is not set.  Trying default library: VM_global_library.vm
2014-06-21 20:31:33,663 - Velocimacro : Default library not found.
2014-06-21 20:31:33,663 - Velocimacro : allowInline = true : VMs can be defined inline in templates
2014-06-21 20:31:33,663 - Velocimacro : allowInlineToOverride = false : VMs defined inline may NOT replace previous VM definitions
2014-06-21 20:31:33,663 - Velocimacro : allowInlineLocal = false : VMs defined inline will be global in scope if allowed.
2014-06-21 20:31:33,663 - Velocimacro : autoload off : VM system will not automatically reload global library macros
2014-06-21 20:55:01,879 - Log4JLogChute initialized using file 'velocity.log'
2014-06-21 20:55:01,879 - Velocity was not initialized! Calling init()...
2014-06-21 20:55:01,879 - Starting Apache Velocity v1.5 (compiled: 2007-02-22 08:52:29)
2014-06-21 20:55:01,879 - Default Properties File: org/apache/velocity/runtime/defaults/velocity.properties
2014-06-21 20:55:01,879 - Trying to use logger class org.apache.velocity.runtime.log.AvalonLogChute
2014-06-21 20:55:01,880 - Couldn't find class org.apache.velocity.runtime.log.AvalonLogChute or necessary supporting classes in classpath.
java.lang.NoClassDefFoundError: org/apache/log/format/Formatter
	at java.lang.Class.forName0(Native Method)
	at java.lang.Class.forName(Class.java:249)
	at org.apache.velocity.util.ClassUtils.getClass(ClassUtils.java:63)
	at org.apache.velocity.util.ClassUtils.getNewInstance(ClassUtils.java:95)
	at org.apache.velocity.runtime.log.LogManager.createLogChute(LogManager.java:147)
	at org.apache.velocity.runtime.log.LogManager.updateLog(LogManager.java:208)
	at org.apache.velocity.runtime.RuntimeInstance.initializeLog(RuntimeInstance.java:728)
	at org.apache.velocity.runtime.RuntimeInstance.init(RuntimeInstance.java:240)
	at org.apache.velocity.runtime.RuntimeInstance.parse(RuntimeInstance.java:993)
	at org.apache.velocity.runtime.RuntimeInstance.parse(RuntimeInstance.java:972)
	at org.apache.velocity.runtime.RuntimeSingleton.parse(RuntimeSingleton.java:265)
	at org.apache.velocity.app.Velocity.evaluate(Velocity.java:274)
	at com.jk.weather.WeatherFormatter.format(WeatherFormatter.java:21)
	at com.jk.weather.Main.start(Main.java:38)
	at com.jk.weather.Main.main(Main.java:21)
	at sun.reflect.NativeMethodAccessorImpl.invoke0(Native Method)
	at sun.reflect.NativeMethodAccessorImpl.invoke(NativeMethodAccessorImpl.java:39)
	at sun.reflect.DelegatingMethodAccessorImpl.invoke(DelegatingMethodAccessorImpl.java:25)
	at java.lang.reflect.Method.invoke(Method.java:597)
	at org.codehaus.mojo.exec.ExecJavaMojo$1.run(ExecJavaMojo.java:293)
	at java.lang.Thread.run(Thread.java:695)
Caused by: java.lang.ClassNotFoundException: org.apache.log.format.Formatter
	at java.net.URLClassLoader$1.run(URLClassLoader.java:202)
	at java.security.AccessController.doPrivileged(Native Method)
	at java.net.URLClassLoader.findClass(URLClassLoader.java:190)
	at java.lang.ClassLoader.loadClass(ClassLoader.java:306)
	at java.lang.ClassLoader.loadClass(ClassLoader.java:247)
	... 21 more
2014-06-21 20:55:01,881 - Trying to use logger class org.apache.velocity.runtime.log.Log4JLogChute
2014-06-21 20:55:01,881 - Using logger class org.apache.velocity.runtime.log.Log4JLogChute
2014-06-21 20:55:01,882 - Default ResourceManager initializing. (class org.apache.velocity.runtime.resource.ResourceManagerImpl)
2014-06-21 20:55:01,883 - ResourceLoader instantiated: org.apache.velocity.runtime.resource.loader.FileResourceLoader
2014-06-21 20:55:01,884 - Do unicode file recognition:  false
2014-06-21 20:55:01,884 - FileResourceLoader : adding path '.'
2014-06-21 20:55:01,891 - ResourceCache: initialized (class org.apache.velocity.runtime.resource.ResourceCacheImpl)
2014-06-21 20:55:01,892 - Loaded System Directive: org.apache.velocity.runtime.directive.Literal
2014-06-21 20:55:01,893 - Loaded System Directive: org.apache.velocity.runtime.directive.Macro
2014-06-21 20:55:01,893 - Loaded System Directive: org.apache.velocity.runtime.directive.Parse
2014-06-21 20:55:01,894 - Loaded System Directive: org.apache.velocity.runtime.directive.Include
2014-06-21 20:55:01,895 - Loaded System Directive: org.apache.velocity.runtime.directive.Foreach
2014-06-21 20:55:01,912 - Created '20' parsers.
2014-06-21 20:55:01,916 - Velocimacro : "velocimacro.library" is not set.  Trying default library: VM_global_library.vm
2014-06-21 20:55:01,916 - Velocimacro : Default library not found.
2014-06-21 20:55:01,916 - Velocimacro : allowInline = true : VMs can be defined inline in templates
2014-06-21 20:55:01,916 - Velocimacro : allowInlineToOverride = false : VMs defined inline may NOT replace previous VM definitions
2014-06-21 20:55:01,916 - Velocimacro : allowInlineLocal = false : VMs defined inline will be global in scope if allowed.
2014-06-21 20:55:01,916 - Velocimacro : autoload off : VM system will not automatically reload global library macros
2014-06-21 20:57:24,184 - Log4JLogChute initialized using file 'velocity.log'
2014-06-21 20:57:24,185 - Velocity was not initialized! Calling init()...
2014-06-21 20:57:24,185 - Starting Apache Velocity v1.5 (compiled: 2007-02-22 08:52:29)
2014-06-21 20:57:24,185 - Default Properties File: org/apache/velocity/runtime/defaults/velocity.properties
2014-06-21 20:57:24,185 - Trying to use logger class org.apache.velocity.runtime.log.AvalonLogChute
2014-06-21 20:57:24,186 - Couldn't find class org.apache.velocity.runtime.log.AvalonLogChute or necessary supporting classes in classpath.
java.lang.NoClassDefFoundError: org/apache/log/format/Formatter
	at java.lang.Class.forName0(Native Method)
	at java.lang.Class.forName(Class.java:249)
	at org.apache.velocity.util.ClassUtils.getClass(ClassUtils.java:63)
	at org.apache.velocity.util.ClassUtils.getNewInstance(ClassUtils.java:95)
	at org.apache.velocity.runtime.log.LogManager.createLogChute(LogManager.java:147)
	at org.apache.velocity.runtime.log.LogManager.updateLog(LogManager.java:208)
	at org.apache.velocity.runtime.RuntimeInstance.initializeLog(RuntimeInstance.java:728)
	at org.apache.velocity.runtime.RuntimeInstance.init(RuntimeInstance.java:240)
	at org.apache.velocity.runtime.RuntimeInstance.parse(RuntimeInstance.java:993)
	at org.apache.velocity.runtime.RuntimeInstance.parse(RuntimeInstance.java:972)
	at org.apache.velocity.runtime.RuntimeSingleton.parse(RuntimeSingleton.java:265)
	at org.apache.velocity.app.Velocity.evaluate(Velocity.java:274)
	at com.jk.weather.WeatherFormatter.format(WeatherFormatter.java:21)
	at com.jk.weather.Main.start(Main.java:38)
	at com.jk.weather.Main.main(Main.java:21)
	at sun.reflect.NativeMethodAccessorImpl.invoke0(Native Method)
	at sun.reflect.NativeMethodAccessorImpl.invoke(NativeMethodAccessorImpl.java:39)
	at sun.reflect.DelegatingMethodAccessorImpl.invoke(DelegatingMethodAccessorImpl.java:25)
	at java.lang.reflect.Method.invoke(Method.java:597)
	at org.codehaus.mojo.exec.ExecJavaMojo$1.run(ExecJavaMojo.java:293)
	at java.lang.Thread.run(Thread.java:695)
Caused by: java.lang.ClassNotFoundException: org.apache.log.format.Formatter
	at java.net.URLClassLoader$1.run(URLClassLoader.java:202)
	at java.security.AccessController.doPrivileged(Native Method)
	at java.net.URLClassLoader.findClass(URLClassLoader.java:190)
	at java.lang.ClassLoader.loadClass(ClassLoader.java:306)
	at java.lang.ClassLoader.loadClass(ClassLoader.java:247)
	... 21 more
2014-06-21 20:57:24,187 - Trying to use logger class org.apache.velocity.runtime.log.Log4JLogChute
2014-06-21 20:57:24,187 - Using logger class org.apache.velocity.runtime.log.Log4JLogChute
2014-06-21 20:57:24,189 - Default ResourceManager initializing. (class org.apache.velocity.runtime.resource.ResourceManagerImpl)
2014-06-21 20:57:24,191 - ResourceLoader instantiated: org.apache.velocity.runtime.resource.loader.FileResourceLoader
2014-06-21 20:57:24,191 - Do unicode file recognition:  false
2014-06-21 20:57:24,191 - FileResourceLoader : adding path '.'
2014-06-21 20:57:24,199 - ResourceCache: initialized (class org.apache.velocity.runtime.resource.ResourceCacheImpl)
2014-06-21 20:57:24,199 - Loaded System Directive: org.apache.velocity.runtime.directive.Literal
2014-06-21 20:57:24,200 - Loaded System Directive: org.apache.velocity.runtime.directive.Macro
2014-06-21 20:57:24,201 - Loaded System Directive: org.apache.velocity.runtime.directive.Parse
2014-06-21 20:57:24,202 - Loaded System Directive: org.apache.velocity.runtime.directive.Include
2014-06-21 20:57:24,202 - Loaded System Directive: org.apache.velocity.runtime.directive.Foreach
2014-06-21 20:57:24,219 - Created '20' parsers.
2014-06-21 20:57:24,223 - Velocimacro : "velocimacro.library" is not set.  Trying default library: VM_global_library.vm
2014-06-21 20:57:24,223 - Velocimacro : Default library not found.
2014-06-21 20:57:24,223 - Velocimacro : allowInline = true : VMs can be defined inline in templates
2014-06-21 20:57:24,223 - Velocimacro : allowInlineToOverride = false : VMs defined inline may NOT replace previous VM definitions
2014-06-21 20:57:24,223 - Velocimacro : allowInlineLocal = false : VMs defined inline will be global in scope if allowed.
2014-06-21 20:57:24,223 - Velocimacro : autoload off : VM system will not automatically reload global library macros
2014-06-21 21:02:10,523 - Log4JLogChute initialized using file 'velocity.log'
2014-06-21 21:02:10,524 - Velocity was not initialized! Calling init()...
2014-06-21 21:02:10,524 - Starting Apache Velocity v1.5 (compiled: 2007-02-22 08:52:29)
2014-06-21 21:02:10,524 - Default Properties File: org/apache/velocity/runtime/defaults/velocity.properties
2014-06-21 21:02:10,524 - Trying to use logger class org.apache.velocity.runtime.log.AvalonLogChute
2014-06-21 21:02:10,524 - Couldn't find class org.apache.velocity.runtime.log.AvalonLogChute or necessary supporting classes in classpath.
java.lang.NoClassDefFoundError: org/apache/log/format/Formatter
	at java.lang.Class.forName0(Native Method)
	at java.lang.Class.forName(Class.java:249)
	at org.apache.velocity.util.ClassUtils.getClass(ClassUtils.java:63)
	at org.apache.velocity.util.ClassUtils.getNewInstance(ClassUtils.java:95)
	at org.apache.velocity.runtime.log.LogManager.createLogChute(LogManager.java:147)
	at org.apache.velocity.runtime.log.LogManager.updateLog(LogManager.java:208)
	at org.apache.velocity.runtime.RuntimeInstance.initializeLog(RuntimeInstance.java:728)
	at org.apache.velocity.runtime.RuntimeInstance.init(RuntimeInstance.java:240)
	at org.apache.velocity.runtime.RuntimeInstance.parse(RuntimeInstance.java:993)
	at org.apache.velocity.runtime.RuntimeInstance.parse(RuntimeInstance.java:972)
	at org.apache.velocity.runtime.RuntimeSingleton.parse(RuntimeSingleton.java:265)
	at org.apache.velocity.app.Velocity.evaluate(Velocity.java:274)
	at com.jk.weather.WeatherFormatter.format(WeatherFormatter.java:21)
	at com.jk.weather.Main.start(Main.java:38)
	at com.jk.weather.Main.main(Main.java:21)
	at sun.reflect.NativeMethodAccessorImpl.invoke0(Native Method)
	at sun.reflect.NativeMethodAccessorImpl.invoke(NativeMethodAccessorImpl.java:39)
	at sun.reflect.DelegatingMethodAccessorImpl.invoke(DelegatingMethodAccessorImpl.java:25)
	at java.lang.reflect.Method.invoke(Method.java:597)
	at org.codehaus.mojo.exec.ExecJavaMojo$1.run(ExecJavaMojo.java:293)
	at java.lang.Thread.run(Thread.java:695)
Caused by: java.lang.ClassNotFoundException: org.apache.log.format.Formatter
	at java.net.URLClassLoader$1.run(URLClassLoader.java:202)
	at java.security.AccessController.doPrivileged(Native Method)
	at java.net.URLClassLoader.findClass(URLClassLoader.java:190)
	at java.lang.ClassLoader.loadClass(ClassLoader.java:306)
	at java.lang.ClassLoader.loadClass(ClassLoader.java:247)
	... 21 more
2014-06-21 21:02:10,525 - Trying to use logger class org.apache.velocity.runtime.log.Log4JLogChute
2014-06-21 21:02:10,525 - Using logger class org.apache.velocity.runtime.log.Log4JLogChute
2014-06-21 21:02:10,527 - Default ResourceManager initializing. (class org.apache.velocity.runtime.resource.ResourceManagerImpl)
2014-06-21 21:02:10,528 - ResourceLoader instantiated: org.apache.velocity.runtime.resource.loader.FileResourceLoader
2014-06-21 21:02:10,529 - Do unicode file recognition:  false
2014-06-21 21:02:10,529 - FileResourceLoader : adding path '.'
2014-06-21 21:02:10,536 - ResourceCache: initialized (class org.apache.velocity.runtime.resource.ResourceCacheImpl)
2014-06-21 21:02:10,536 - Loaded System Directive: org.apache.velocity.runtime.directive.Literal
2014-06-21 21:02:10,537 - Loaded System Directive: org.apache.velocity.runtime.directive.Macro
2014-06-21 21:02:10,538 - Loaded System Directive: org.apache.velocity.runtime.directive.Parse
2014-06-21 21:02:10,539 - Loaded System Directive: org.apache.velocity.runtime.directive.Include
2014-06-21 21:02:10,539 - Loaded System Directive: org.apache.velocity.runtime.directive.Foreach
2014-06-21 21:02:10,556 - Created '20' parsers.
2014-06-21 21:02:10,560 - Velocimacro : "velocimacro.library" is not set.  Trying default library: VM_global_library.vm
2014-06-21 21:02:10,560 - Velocimacro : Default library not found.
2014-06-21 21:02:10,560 - Velocimacro : allowInline = true : VMs can be defined inline in templates
2014-06-21 21:02:10,560 - Velocimacro : allowInlineToOverride = false : VMs defined inline may NOT replace previous VM definitions
2014-06-21 21:02:10,560 - Velocimacro : allowInlineLocal = false : VMs defined inline will be global in scope if allowed.
2014-06-21 21:02:10,560 - Velocimacro : autoload off : VM system will not automatically reload global library macros
2014-06-21 21:16:40,339 - Log4JLogChute initialized using file 'velocity.log'
2014-06-21 21:16:40,339 - Velocity was not initialized! Calling init()...
2014-06-21 21:16:40,339 - Starting Apache Velocity v1.5 (compiled: 2007-02-22 08:52:29)
2014-06-21 21:16:40,339 - Default Properties File: org/apache/velocity/runtime/defaults/velocity.properties
2014-06-21 21:16:40,339 - Trying to use logger class org.apache.velocity.runtime.log.AvalonLogChute
2014-06-21 21:16:40,340 - Couldn't find class org.apache.velocity.runtime.log.AvalonLogChute or necessary supporting classes in classpath.
java.lang.NoClassDefFoundError: org/apache/log/format/Formatter
	at java.lang.Class.forName0(Native Method)
	at java.lang.Class.forName(Class.java:270)
	at org.apache.velocity.util.ClassUtils.getClass(ClassUtils.java:63)
	at org.apache.velocity.util.ClassUtils.getNewInstance(ClassUtils.java:95)
	at org.apache.velocity.runtime.log.LogManager.createLogChute(LogManager.java:147)
	at org.apache.velocity.runtime.log.LogManager.updateLog(LogManager.java:208)
	at org.apache.velocity.runtime.RuntimeInstance.initializeLog(RuntimeInstance.java:728)
	at org.apache.velocity.runtime.RuntimeInstance.init(RuntimeInstance.java:240)
	at org.apache.velocity.runtime.RuntimeInstance.parse(RuntimeInstance.java:993)
	at org.apache.velocity.runtime.RuntimeInstance.parse(RuntimeInstance.java:972)
	at org.apache.velocity.runtime.RuntimeSingleton.parse(RuntimeSingleton.java:265)
	at org.apache.velocity.app.Velocity.evaluate(Velocity.java:274)
	at com.jk.weather.WeatherFormatter.format(WeatherFormatter.java:21)
	at com.jk.weather.Main.start(Main.java:38)
	at com.jk.weather.Main.main(Main.java:21)
Caused by: java.lang.ClassNotFoundException: org.apache.log.format.Formatter
	at java.net.URLClassLoader$1.run(URLClassLoader.java:366)
	at java.net.URLClassLoader$1.run(URLClassLoader.java:355)
	at java.security.AccessController.doPrivileged(Native Method)
	at java.net.URLClassLoader.findClass(URLClassLoader.java:354)
	at java.lang.ClassLoader.loadClass(ClassLoader.java:424)
	at sun.misc.Launcher$AppClassLoader.loadClass(Launcher.java:308)
	at java.lang.ClassLoader.loadClass(ClassLoader.java:357)
	... 15 more
2014-06-21 21:16:40,342 - Trying to use logger class org.apache.velocity.runtime.log.Log4JLogChute
2014-06-21 21:16:40,342 - Using logger class org.apache.velocity.runtime.log.Log4JLogChute
2014-06-21 21:16:40,344 - Default ResourceManager initializing. (class org.apache.velocity.runtime.resource.ResourceManagerImpl)
2014-06-21 21:16:40,346 - ResourceLoader instantiated: org.apache.velocity.runtime.resource.loader.FileResourceLoader
2014-06-21 21:16:40,347 - Do unicode file recognition:  false
2014-06-21 21:16:40,347 - FileResourceLoader : adding path '.'
2014-06-21 21:16:40,356 - ResourceCache: initialized (class org.apache.velocity.runtime.resource.ResourceCacheImpl)
2014-06-21 21:16:40,357 - Loaded System Directive: org.apache.velocity.runtime.directive.Literal
2014-06-21 21:16:40,358 - Loaded System Directive: org.apache.velocity.runtime.directive.Macro
2014-06-21 21:16:40,359 - Loaded System Directive: org.apache.velocity.runtime.directive.Parse
2014-06-21 21:16:40,360 - Loaded System Directive: org.apache.velocity.runtime.directive.Include
2014-06-21 21:16:40,361 - Loaded System Directive: org.apache.velocity.runtime.directive.Foreach
2014-06-21 21:16:40,383 - Created '20' parsers.
2014-06-21 21:16:40,388 - Velocimacro : "velocimacro.library" is not set.  Trying default library: VM_global_library.vm
2014-06-21 21:16:40,389 - Velocimacro : Default library not found.
2014-06-21 21:16:40,389 - Velocimacro : allowInline = true : VMs can be defined inline in templates
2014-06-21 21:16:40,389 - Velocimacro : allowInlineToOverride = false : VMs defined inline may NOT replace previous VM definitions
2014-06-21 21:16:40,389 - Velocimacro : allowInlineLocal = false : VMs defined inline will be global in scope if allowed.
2014-06-21 21:16:40,389 - Velocimacro : autoload off : VM system will not automatically reload global library macros
2014-06-21 21:22:51,727 - Log4JLogChute initialized using file 'velocity.log'
2014-06-21 21:22:51,727 - Velocity was not initialized! Calling init()...
2014-06-21 21:22:51,727 - Starting Apache Velocity v1.5 (compiled: 2007-02-22 08:52:29)
2014-06-21 21:22:51,727 - Default Properties File: org/apache/velocity/runtime/defaults/velocity.properties
2014-06-21 21:22:51,727 - Trying to use logger class org.apache.velocity.runtime.log.AvalonLogChute
2014-06-21 21:22:51,728 - Couldn't find class org.apache.velocity.runtime.log.AvalonLogChute or necessary supporting classes in classpath.
java.lang.NoClassDefFoundError: org/apache/log/format/Formatter
	at java.lang.Class.forName0(Native Method)
	at java.lang.Class.forName(Class.java:249)
	at org.apache.velocity.util.ClassUtils.getClass(ClassUtils.java:63)
	at org.apache.velocity.util.ClassUtils.getNewInstance(ClassUtils.java:95)
	at org.apache.velocity.runtime.log.LogManager.createLogChute(LogManager.java:147)
	at org.apache.velocity.runtime.log.LogManager.updateLog(LogManager.java:208)
	at org.apache.velocity.runtime.RuntimeInstance.initializeLog(RuntimeInstance.java:728)
	at org.apache.velocity.runtime.RuntimeInstance.init(RuntimeInstance.java:240)
	at org.apache.velocity.runtime.RuntimeInstance.parse(RuntimeInstance.java:993)
	at org.apache.velocity.runtime.RuntimeInstance.parse(RuntimeInstance.java:972)
	at org.apache.velocity.runtime.RuntimeSingleton.parse(RuntimeSingleton.java:265)
	at org.apache.velocity.app.Velocity.evaluate(Velocity.java:274)
	at com.jk.weather.WeatherFormatter.format(WeatherFormatter.java:21)
	at com.jk.weather.WeatherFormatterTest.testFormat(WeatherFormatterTest.java:17)
	at sun.reflect.NativeMethodAccessorImpl.invoke0(Native Method)
	at sun.reflect.NativeMethodAccessorImpl.invoke(NativeMethodAccessorImpl.java:39)
	at sun.reflect.DelegatingMethodAccessorImpl.invoke(DelegatingMethodAccessorImpl.java:25)
	at java.lang.reflect.Method.invoke(Method.java:597)
	at junit.framework.TestCase.runTest(TestCase.java:154)
	at junit.framework.TestCase.runBare(TestCase.java:127)
	at junit.framework.TestResult$1.protect(TestResult.java:106)
	at junit.framework.TestResult.runProtected(TestResult.java:124)
	at junit.framework.TestResult.run(TestResult.java:109)
	at junit.framework.TestCase.run(TestCase.java:118)
	at junit.framework.TestSuite.runTest(TestSuite.java:208)
	at junit.framework.TestSuite.run(TestSuite.java:203)
	at sun.reflect.NativeMethodAccessorImpl.invoke0(Native Method)
	at sun.reflect.NativeMethodAccessorImpl.invoke(NativeMethodAccessorImpl.java:39)
	at sun.reflect.DelegatingMethodAccessorImpl.invoke(DelegatingMethodAccessorImpl.java:25)
	at java.lang.reflect.Method.invoke(Method.java:597)
	at org.apache.maven.surefire.junit.JUnitTestSet.execute(JUnitTestSet.java:95)
	at org.apache.maven.surefire.junit.JUnit3Provider.executeTestSet(JUnit3Provider.java:121)
	at org.apache.maven.surefire.junit.JUnit3Provider.invoke(JUnit3Provider.java:98)
	at sun.reflect.NativeMethodAccessorImpl.invoke0(Native Method)
	at sun.reflect.NativeMethodAccessorImpl.invoke(NativeMethodAccessorImpl.java:39)
	at sun.reflect.DelegatingMethodAccessorImpl.invoke(DelegatingMethodAccessorImpl.java:25)
	at java.lang.reflect.Method.invoke(Method.java:597)
	at org.apache.maven.surefire.util.ReflectionUtils.invokeMethodWithArray(ReflectionUtils.java:189)
	at org.apache.maven.surefire.booter.ProviderFactory$ProviderProxy.invoke(ProviderFactory.java:165)
	at org.apache.maven.surefire.booter.ProviderFactory.invokeProvider(ProviderFactory.java:85)
	at org.apache.maven.surefire.booter.ForkedBooter.runSuitesInProcess(ForkedBooter.java:115)
	at org.apache.maven.surefire.booter.ForkedBooter.main(ForkedBooter.java:75)
Caused by: java.lang.ClassNotFoundException: org.apache.log.format.Formatter
	at java.net.URLClassLoader$1.run(URLClassLoader.java:202)
	at java.security.AccessController.doPrivileged(Native Method)
	at java.net.URLClassLoader.findClass(URLClassLoader.java:190)
	at java.lang.ClassLoader.loadClass(ClassLoader.java:306)
	at sun.misc.Launcher$AppClassLoader.loadClass(Launcher.java:301)
	at java.lang.ClassLoader.loadClass(ClassLoader.java:247)
	... 42 more
2014-06-21 21:22:51,730 - Trying to use logger class org.apache.velocity.runtime.log.Log4JLogChute
2014-06-21 21:22:51,730 - Using logger class org.apache.velocity.runtime.log.Log4JLogChute
2014-06-21 21:22:51,733 - Default ResourceManager initializing. (class org.apache.velocity.runtime.resource.ResourceManagerImpl)
2014-06-21 21:22:51,736 - ResourceLoader instantiated: org.apache.velocity.runtime.resource.loader.FileResourceLoader
2014-06-21 21:22:51,738 - Do unicode file recognition:  false
2014-06-21 21:22:51,738 - FileResourceLoader : adding path '.'
2014-06-21 21:22:51,752 - ResourceCache: initialized (class org.apache.velocity.runtime.resource.ResourceCacheImpl)
2014-06-21 21:22:51,754 - Loaded System Directive: org.apache.velocity.runtime.directive.Literal
2014-06-21 21:22:51,755 - Loaded System Directive: org.apache.velocity.runtime.directive.Macro
2014-06-21 21:22:51,757 - Loaded System Directive: org.apache.velocity.runtime.directive.Parse
2014-06-21 21:22:51,758 - Loaded System Directive: org.apache.velocity.runtime.directive.Include
2014-06-21 21:22:51,759 - Loaded System Directive: org.apache.velocity.runtime.directive.Foreach
2014-06-21 21:22:51,780 - Created '20' parsers.
2014-06-21 21:22:51,785 - Velocimacro : "velocimacro.library" is not set.  Trying default library: VM_global_library.vm
2014-06-21 21:22:51,785 - Velocimacro : Default library not found.
2014-06-21 21:22:51,785 - Velocimacro : allowInline = true : VMs can be defined inline in templates
2014-06-21 21:22:51,785 - Velocimacro : allowInlineToOverride = false : VMs defined inline may NOT replace previous VM definitions
2014-06-21 21:22:51,785 - Velocimacro : allowInlineLocal = false : VMs defined inline will be global in scope if allowed.
2014-06-21 21:22:51,785 - Velocimacro : autoload off : VM system will not automatically reload global library macros
2014-06-21 21:45:04,296 - Log4JLogChute initialized using file 'velocity.log'
2014-06-21 21:45:04,296 - Velocity was not initialized! Calling init()...
2014-06-21 21:45:04,296 - Starting Apache Velocity v1.5 (compiled: 2007-02-22 08:52:29)
2014-06-21 21:45:04,296 - Default Properties File: org/apache/velocity/runtime/defaults/velocity.properties
2014-06-21 21:45:04,296 - Trying to use logger class org.apache.velocity.runtime.log.AvalonLogChute
2014-06-21 21:45:04,298 - Couldn't find class org.apache.velocity.runtime.log.AvalonLogChute or necessary supporting classes in classpath.
java.lang.NoClassDefFoundError: org/apache/log/format/Formatter
	at java.lang.Class.forName0(Native Method)
	at java.lang.Class.forName(Class.java:249)
	at org.apache.velocity.util.ClassUtils.getClass(ClassUtils.java:63)
	at org.apache.velocity.util.ClassUtils.getNewInstance(ClassUtils.java:95)
	at org.apache.velocity.runtime.log.LogManager.createLogChute(LogManager.java:147)
	at org.apache.velocity.runtime.log.LogManager.updateLog(LogManager.java:208)
	at org.apache.velocity.runtime.RuntimeInstance.initializeLog(RuntimeInstance.java:728)
	at org.apache.velocity.runtime.RuntimeInstance.init(RuntimeInstance.java:240)
	at org.apache.velocity.runtime.RuntimeInstance.parse(RuntimeInstance.java:993)
	at org.apache.velocity.runtime.RuntimeInstance.parse(RuntimeInstance.java:972)
	at org.apache.velocity.runtime.RuntimeSingleton.parse(RuntimeSingleton.java:265)
	at org.apache.velocity.app.Velocity.evaluate(Velocity.java:274)
	at com.jk.weather.WeatherFormatter.format(WeatherFormatter.java:21)
	at com.jk.weather.WeatherFormatterTest.testFormat(WeatherFormatterTest.java:17)
	at sun.reflect.NativeMethodAccessorImpl.invoke0(Native Method)
	at sun.reflect.NativeMethodAccessorImpl.invoke(NativeMethodAccessorImpl.java:39)
	at sun.reflect.DelegatingMethodAccessorImpl.invoke(DelegatingMethodAccessorImpl.java:25)
	at java.lang.reflect.Method.invoke(Method.java:597)
	at junit.framework.TestCase.runTest(TestCase.java:154)
	at junit.framework.TestCase.runBare(TestCase.java:127)
	at junit.framework.TestResult$1.protect(TestResult.java:106)
	at junit.framework.TestResult.runProtected(TestResult.java:124)
	at junit.framework.TestResult.run(TestResult.java:109)
	at junit.framework.TestCase.run(TestCase.java:118)
	at junit.framework.TestSuite.runTest(TestSuite.java:208)
	at junit.framework.TestSuite.run(TestSuite.java:203)
	at sun.reflect.NativeMethodAccessorImpl.invoke0(Native Method)
	at sun.reflect.NativeMethodAccessorImpl.invoke(NativeMethodAccessorImpl.java:39)
	at sun.reflect.DelegatingMethodAccessorImpl.invoke(DelegatingMethodAccessorImpl.java:25)
	at java.lang.reflect.Method.invoke(Method.java:597)
	at org.apache.maven.surefire.junit.JUnitTestSet.execute(JUnitTestSet.java:95)
	at org.apache.maven.surefire.junit.JUnit3Provider.executeTestSet(JUnit3Provider.java:121)
	at org.apache.maven.surefire.junit.JUnit3Provider.invoke(JUnit3Provider.java:98)
	at sun.reflect.NativeMethodAccessorImpl.invoke0(Native Method)
	at sun.reflect.NativeMethodAccessorImpl.invoke(NativeMethodAccessorImpl.java:39)
	at sun.reflect.DelegatingMethodAccessorImpl.invoke(DelegatingMethodAccessorImpl.java:25)
	at java.lang.reflect.Method.invoke(Method.java:597)
	at org.apache.maven.surefire.util.ReflectionUtils.invokeMethodWithArray(ReflectionUtils.java:189)
	at org.apache.maven.surefire.booter.ProviderFactory$ProviderProxy.invoke(ProviderFactory.java:165)
	at org.apache.maven.surefire.booter.ProviderFactory.invokeProvider(ProviderFactory.java:85)
	at org.apache.maven.surefire.booter.ForkedBooter.runSuitesInProcess(ForkedBooter.java:115)
	at org.apache.maven.surefire.booter.ForkedBooter.main(ForkedBooter.java:75)
Caused by: java.lang.ClassNotFoundException: org.apache.log.format.Formatter
	at java.net.URLClassLoader$1.run(URLClassLoader.java:202)
	at java.security.AccessController.doPrivileged(Native Method)
	at java.net.URLClassLoader.findClass(URLClassLoader.java:190)
	at java.lang.ClassLoader.loadClass(ClassLoader.java:306)
	at sun.misc.Launcher$AppClassLoader.loadClass(Launcher.java:301)
	at java.lang.ClassLoader.loadClass(ClassLoader.java:247)
	... 42 more
2014-06-21 21:45:04,300 - Trying to use logger class org.apache.velocity.runtime.log.Log4JLogChute
2014-06-21 21:45:04,300 - Using logger class org.apache.velocity.runtime.log.Log4JLogChute
2014-06-21 21:45:04,303 - Default ResourceManager initializing. (class org.apache.velocity.runtime.resource.ResourceManagerImpl)
2014-06-21 21:45:04,307 - ResourceLoader instantiated: org.apache.velocity.runtime.resource.loader.FileResourceLoader
2014-06-21 21:45:04,308 - Do unicode file recognition:  false
2014-06-21 21:45:04,308 - FileResourceLoader : adding path '.'
2014-06-21 21:45:04,321 - ResourceCache: initialized (class org.apache.velocity.runtime.resource.ResourceCacheImpl)
2014-06-21 21:45:04,323 - Loaded System Directive: org.apache.velocity.runtime.directive.Literal
2014-06-21 21:45:04,324 - Loaded System Directive: org.apache.velocity.runtime.directive.Macro
2014-06-21 21:45:04,325 - Loaded System Directive: org.apache.velocity.runtime.directive.Parse
2014-06-21 21:45:04,327 - Loaded System Directive: org.apache.velocity.runtime.directive.Include
2014-06-21 21:45:04,328 - Loaded System Directive: org.apache.velocity.runtime.directive.Foreach
2014-06-21 21:45:04,348 - Created '20' parsers.
2014-06-21 21:45:04,353 - Velocimacro : "velocimacro.library" is not set.  Trying default library: VM_global_library.vm
2014-06-21 21:45:04,353 - Velocimacro : Default library not found.
2014-06-21 21:45:04,353 - Velocimacro : allowInline = true : VMs can be defined inline in templates
2014-06-21 21:45:04,353 - Velocimacro : allowInlineToOverride = false : VMs defined inline may NOT replace previous VM definitions
2014-06-21 21:45:04,353 - Velocimacro : allowInlineLocal = false : VMs defined inline will be global in scope if allowed.
2014-06-21 21:45:04,353 - Velocimacro : autoload off : VM system will not automatically reload global library macros
2014-06-21 21:45:15,966 - Log4JLogChute initialized using file 'velocity.log'
2014-06-21 21:45:15,967 - Velocity was not initialized! Calling init()...
2014-06-21 21:45:15,967 - Starting Apache Velocity v1.5 (compiled: 2007-02-22 08:52:29)
2014-06-21 21:45:15,967 - Default Properties File: org/apache/velocity/runtime/defaults/velocity.properties
2014-06-21 21:45:15,967 - Trying to use logger class org.apache.velocity.runtime.log.AvalonLogChute
2014-06-21 21:45:15,968 - Couldn't find class org.apache.velocity.runtime.log.AvalonLogChute or necessary supporting classes in classpath.
java.lang.NoClassDefFoundError: org/apache/log/format/Formatter
	at java.lang.Class.forName0(Native Method)
	at java.lang.Class.forName(Class.java:249)
	at org.apache.velocity.util.ClassUtils.getClass(ClassUtils.java:63)
	at org.apache.velocity.util.ClassUtils.getNewInstance(ClassUtils.java:95)
	at org.apache.velocity.runtime.log.LogManager.createLogChute(LogManager.java:147)
	at org.apache.velocity.runtime.log.LogManager.updateLog(LogManager.java:208)
	at org.apache.velocity.runtime.RuntimeInstance.initializeLog(RuntimeInstance.java:728)
	at org.apache.velocity.runtime.RuntimeInstance.init(RuntimeInstance.java:240)
	at org.apache.velocity.runtime.RuntimeInstance.parse(RuntimeInstance.java:993)
	at org.apache.velocity.runtime.RuntimeInstance.parse(RuntimeInstance.java:972)
	at org.apache.velocity.runtime.RuntimeSingleton.parse(RuntimeSingleton.java:265)
	at org.apache.velocity.app.Velocity.evaluate(Velocity.java:274)
	at com.jk.weather.WeatherFormatter.format(WeatherFormatter.java:21)
	at com.jk.weather.WeatherFormatterTest.testFormat(WeatherFormatterTest.java:17)
	at sun.reflect.NativeMethodAccessorImpl.invoke0(Native Method)
	at sun.reflect.NativeMethodAccessorImpl.invoke(NativeMethodAccessorImpl.java:39)
	at sun.reflect.DelegatingMethodAccessorImpl.invoke(DelegatingMethodAccessorImpl.java:25)
	at java.lang.reflect.Method.invoke(Method.java:597)
	at junit.framework.TestCase.runTest(TestCase.java:154)
	at junit.framework.TestCase.runBare(TestCase.java:127)
	at junit.framework.TestResult$1.protect(TestResult.java:106)
	at junit.framework.TestResult.runProtected(TestResult.java:124)
	at junit.framework.TestResult.run(TestResult.java:109)
	at junit.framework.TestCase.run(TestCase.java:118)
	at junit.framework.TestSuite.runTest(TestSuite.java:208)
	at junit.framework.TestSuite.run(TestSuite.java:203)
	at sun.reflect.NativeMethodAccessorImpl.invoke0(Native Method)
	at sun.reflect.NativeMethodAccessorImpl.invoke(NativeMethodAccessorImpl.java:39)
	at sun.reflect.DelegatingMethodAccessorImpl.invoke(DelegatingMethodAccessorImpl.java:25)
	at java.lang.reflect.Method.invoke(Method.java:597)
	at org.apache.maven.surefire.junit.JUnitTestSet.execute(JUnitTestSet.java:95)
	at org.apache.maven.surefire.junit.JUnit3Provider.executeTestSet(JUnit3Provider.java:121)
	at org.apache.maven.surefire.junit.JUnit3Provider.invoke(JUnit3Provider.java:98)
	at sun.reflect.NativeMethodAccessorImpl.invoke0(Native Method)
	at sun.reflect.NativeMethodAccessorImpl.invoke(NativeMethodAccessorImpl.java:39)
	at sun.reflect.DelegatingMethodAccessorImpl.invoke(DelegatingMethodAccessorImpl.java:25)
	at java.lang.reflect.Method.invoke(Method.java:597)
	at org.apache.maven.surefire.util.ReflectionUtils.invokeMethodWithArray(ReflectionUtils.java:189)
	at org.apache.maven.surefire.booter.ProviderFactory$ProviderProxy.invoke(ProviderFactory.java:165)
	at org.apache.maven.surefire.booter.ProviderFactory.invokeProvider(ProviderFactory.java:85)
	at org.apache.maven.surefire.booter.ForkedBooter.runSuitesInProcess(ForkedBooter.java:115)
	at org.apache.maven.surefire.booter.ForkedBooter.main(ForkedBooter.java:75)
Caused by: java.lang.ClassNotFoundException: org.apache.log.format.Formatter
	at java.net.URLClassLoader$1.run(URLClassLoader.java:202)
	at java.security.AccessController.doPrivileged(Native Method)
	at java.net.URLClassLoader.findClass(URLClassLoader.java:190)
	at java.lang.ClassLoader.loadClass(ClassLoader.java:306)
	at sun.misc.Launcher$AppClassLoader.loadClass(Launcher.java:301)
	at java.lang.ClassLoader.loadClass(ClassLoader.java:247)
	... 42 more
2014-06-21 21:45:15,970 - Trying to use logger class org.apache.velocity.runtime.log.Log4JLogChute
2014-06-21 21:45:15,970 - Using logger class org.apache.velocity.runtime.log.Log4JLogChute
2014-06-21 21:45:15,972 - Default ResourceManager initializing. (class org.apache.velocity.runtime.resource.ResourceManagerImpl)
2014-06-21 21:45:15,975 - ResourceLoader instantiated: org.apache.velocity.runtime.resource.loader.FileResourceLoader
2014-06-21 21:45:15,976 - Do unicode file recognition:  false
2014-06-21 21:45:15,976 - FileResourceLoader : adding path '.'
2014-06-21 21:45:15,985 - ResourceCache: initialized (class org.apache.velocity.runtime.resource.ResourceCacheImpl)
2014-06-21 21:45:15,986 - Loaded System Directive: org.apache.velocity.runtime.directive.Literal
2014-06-21 21:45:15,987 - Loaded System Directive: org.apache.velocity.runtime.directive.Macro
2014-06-21 21:45:15,987 - Loaded System Directive: org.apache.velocity.runtime.directive.Parse
2014-06-21 21:45:15,988 - Loaded System Directive: org.apache.velocity.runtime.directive.Include
2014-06-21 21:45:15,989 - Loaded System Directive: org.apache.velocity.runtime.directive.Foreach
2014-06-21 21:45:16,010 - Created '20' parsers.
2014-06-21 21:45:16,015 - Velocimacro : "velocimacro.library" is not set.  Trying default library: VM_global_library.vm
2014-06-21 21:45:16,015 - Velocimacro : Default library not found.
2014-06-21 21:45:16,015 - Velocimacro : allowInline = true : VMs can be defined inline in templates
2014-06-21 21:45:16,015 - Velocimacro : allowInlineToOverride = false : VMs defined inline may NOT replace previous VM definitions
2014-06-21 21:45:16,015 - Velocimacro : allowInlineLocal = false : VMs defined inline will be global in scope if allowed.
2014-06-21 21:45:16,015 - Velocimacro : autoload off : VM system will not automatically reload global library macros
2014-06-21 21:46:00,254 - Log4JLogChute initialized using file 'velocity.log'
2014-06-21 21:46:00,255 - Velocity was not initialized! Calling init()...
2014-06-21 21:46:00,255 - Starting Apache Velocity v1.5 (compiled: 2007-02-22 08:52:29)
2014-06-21 21:46:00,255 - Default Properties File: org/apache/velocity/runtime/defaults/velocity.properties
2014-06-21 21:46:00,255 - Trying to use logger class org.apache.velocity.runtime.log.AvalonLogChute
2014-06-21 21:46:00,256 - Couldn't find class org.apache.velocity.runtime.log.AvalonLogChute or necessary supporting classes in classpath.
java.lang.NoClassDefFoundError: org/apache/log/format/Formatter
	at java.lang.Class.forName0(Native Method)
	at java.lang.Class.forName(Class.java:249)
	at org.apache.velocity.util.ClassUtils.getClass(ClassUtils.java:63)
	at org.apache.velocity.util.ClassUtils.getNewInstance(ClassUtils.java:95)
	at org.apache.velocity.runtime.log.LogManager.createLogChute(LogManager.java:147)
	at org.apache.velocity.runtime.log.LogManager.updateLog(LogManager.java:208)
	at org.apache.velocity.runtime.RuntimeInstance.initializeLog(RuntimeInstance.java:728)
	at org.apache.velocity.runtime.RuntimeInstance.init(RuntimeInstance.java:240)
	at org.apache.velocity.runtime.RuntimeInstance.parse(RuntimeInstance.java:993)
	at org.apache.velocity.runtime.RuntimeInstance.parse(RuntimeInstance.java:972)
	at org.apache.velocity.runtime.RuntimeSingleton.parse(RuntimeSingleton.java:265)
	at org.apache.velocity.app.Velocity.evaluate(Velocity.java:274)
	at com.jk.weather.WeatherFormatter.format(WeatherFormatter.java:21)
	at com.jk.weather.WeatherFormatterTest.testFormat(WeatherFormatterTest.java:17)
	at sun.reflect.NativeMethodAccessorImpl.invoke0(Native Method)
	at sun.reflect.NativeMethodAccessorImpl.invoke(NativeMethodAccessorImpl.java:39)
	at sun.reflect.DelegatingMethodAccessorImpl.invoke(DelegatingMethodAccessorImpl.java:25)
	at java.lang.reflect.Method.invoke(Method.java:597)
	at junit.framework.TestCase.runTest(TestCase.java:154)
	at junit.framework.TestCase.runBare(TestCase.java:127)
	at junit.framework.TestResult$1.protect(TestResult.java:106)
	at junit.framework.TestResult.runProtected(TestResult.java:124)
	at junit.framework.TestResult.run(TestResult.java:109)
	at junit.framework.TestCase.run(TestCase.java:118)
	at junit.framework.TestSuite.runTest(TestSuite.java:208)
	at junit.framework.TestSuite.run(TestSuite.java:203)
	at sun.reflect.NativeMethodAccessorImpl.invoke0(Native Method)
	at sun.reflect.NativeMethodAccessorImpl.invoke(NativeMethodAccessorImpl.java:39)
	at sun.reflect.DelegatingMethodAccessorImpl.invoke(DelegatingMethodAccessorImpl.java:25)
	at java.lang.reflect.Method.invoke(Method.java:597)
	at org.apache.maven.surefire.junit.JUnitTestSet.execute(JUnitTestSet.java:95)
	at org.apache.maven.surefire.junit.JUnit3Provider.executeTestSet(JUnit3Provider.java:121)
	at org.apache.maven.surefire.junit.JUnit3Provider.invoke(JUnit3Provider.java:98)
	at sun.reflect.NativeMethodAccessorImpl.invoke0(Native Method)
	at sun.reflect.NativeMethodAccessorImpl.invoke(NativeMethodAccessorImpl.java:39)
	at sun.reflect.DelegatingMethodAccessorImpl.invoke(DelegatingMethodAccessorImpl.java:25)
	at java.lang.reflect.Method.invoke(Method.java:597)
	at org.apache.maven.surefire.util.ReflectionUtils.invokeMethodWithArray(ReflectionUtils.java:189)
	at org.apache.maven.surefire.booter.ProviderFactory$ProviderProxy.invoke(ProviderFactory.java:165)
	at org.apache.maven.surefire.booter.ProviderFactory.invokeProvider(ProviderFactory.java:85)
	at org.apache.maven.surefire.booter.ForkedBooter.runSuitesInProcess(ForkedBooter.java:115)
	at org.apache.maven.surefire.booter.ForkedBooter.main(ForkedBooter.java:75)
Caused by: java.lang.ClassNotFoundException: org.apache.log.format.Formatter
	at java.net.URLClassLoader$1.run(URLClassLoader.java:202)
	at java.security.AccessController.doPrivileged(Native Method)
	at java.net.URLClassLoader.findClass(URLClassLoader.java:190)
	at java.lang.ClassLoader.loadClass(ClassLoader.java:306)
	at sun.misc.Launcher$AppClassLoader.loadClass(Launcher.java:301)
	at java.lang.ClassLoader.loadClass(ClassLoader.java:247)
	... 42 more
2014-06-21 21:46:00,258 - Trying to use logger class org.apache.velocity.runtime.log.Log4JLogChute
2014-06-21 21:46:00,258 - Using logger class org.apache.velocity.runtime.log.Log4JLogChute
2014-06-21 21:46:00,260 - Default ResourceManager initializing. (class org.apache.velocity.runtime.resource.ResourceManagerImpl)
2014-06-21 21:46:00,262 - ResourceLoader instantiated: org.apache.velocity.runtime.resource.loader.FileResourceLoader
2014-06-21 21:46:00,263 - Do unicode file recognition:  false
2014-06-21 21:46:00,263 - FileResourceLoader : adding path '.'
2014-06-21 21:46:00,272 - ResourceCache: initialized (class org.apache.velocity.runtime.resource.ResourceCacheImpl)
2014-06-21 21:46:00,273 - Loaded System Directive: org.apache.velocity.runtime.directive.Literal
2014-06-21 21:46:00,274 - Loaded System Directive: org.apache.velocity.runtime.directive.Macro
2014-06-21 21:46:00,275 - Loaded System Directive: org.apache.velocity.runtime.directive.Parse
2014-06-21 21:46:00,276 - Loaded System Directive: org.apache.velocity.runtime.directive.Include
2014-06-21 21:46:00,277 - Loaded System Directive: org.apache.velocity.runtime.directive.Foreach
2014-06-21 21:46:00,298 - Created '20' parsers.
2014-06-21 21:46:00,304 - Velocimacro : "velocimacro.library" is not set.  Trying default library: VM_global_library.vm
2014-06-21 21:46:00,304 - Velocimacro : Default library not found.
2014-06-21 21:46:00,304 - Velocimacro : allowInline = true : VMs can be defined inline in templates
2014-06-21 21:46:00,304 - Velocimacro : allowInlineToOverride = false : VMs defined inline may NOT replace previous VM definitions
2014-06-21 21:46:00,304 - Velocimacro : allowInlineLocal = false : VMs defined inline will be global in scope if allowed.
2014-06-21 21:46:00,304 - Velocimacro : autoload off : VM system will not automatically reload global library macros
2014-06-21 21:46:11,196 - Log4JLogChute initialized using file 'velocity.log'
2014-06-21 21:46:11,196 - Velocity was not initialized! Calling init()...
2014-06-21 21:46:11,196 - Starting Apache Velocity v1.5 (compiled: 2007-02-22 08:52:29)
2014-06-21 21:46:11,196 - Default Properties File: org/apache/velocity/runtime/defaults/velocity.properties
2014-06-21 21:46:11,197 - Trying to use logger class org.apache.velocity.runtime.log.AvalonLogChute
2014-06-21 21:46:11,198 - Couldn't find class org.apache.velocity.runtime.log.AvalonLogChute or necessary supporting classes in classpath.
java.lang.NoClassDefFoundError: org/apache/log/format/Formatter
	at java.lang.Class.forName0(Native Method)
	at java.lang.Class.forName(Class.java:249)
	at org.apache.velocity.util.ClassUtils.getClass(ClassUtils.java:63)
	at org.apache.velocity.util.ClassUtils.getNewInstance(ClassUtils.java:95)
	at org.apache.velocity.runtime.log.LogManager.createLogChute(LogManager.java:147)
	at org.apache.velocity.runtime.log.LogManager.updateLog(LogManager.java:208)
	at org.apache.velocity.runtime.RuntimeInstance.initializeLog(RuntimeInstance.java:728)
	at org.apache.velocity.runtime.RuntimeInstance.init(RuntimeInstance.java:240)
	at org.apache.velocity.runtime.RuntimeInstance.parse(RuntimeInstance.java:993)
	at org.apache.velocity.runtime.RuntimeInstance.parse(RuntimeInstance.java:972)
	at org.apache.velocity.runtime.RuntimeSingleton.parse(RuntimeSingleton.java:265)
	at org.apache.velocity.app.Velocity.evaluate(Velocity.java:274)
	at com.jk.weather.WeatherFormatter.format(WeatherFormatter.java:21)
	at com.jk.weather.WeatherFormatterTest.testFormat(WeatherFormatterTest.java:17)
	at sun.reflect.NativeMethodAccessorImpl.invoke0(Native Method)
	at sun.reflect.NativeMethodAccessorImpl.invoke(NativeMethodAccessorImpl.java:39)
	at sun.reflect.DelegatingMethodAccessorImpl.invoke(DelegatingMethodAccessorImpl.java:25)
	at java.lang.reflect.Method.invoke(Method.java:597)
	at junit.framework.TestCase.runTest(TestCase.java:154)
	at junit.framework.TestCase.runBare(TestCase.java:127)
	at junit.framework.TestResult$1.protect(TestResult.java:106)
	at junit.framework.TestResult.runProtected(TestResult.java:124)
	at junit.framework.TestResult.run(TestResult.java:109)
	at junit.framework.TestCase.run(TestCase.java:118)
	at junit.framework.TestSuite.runTest(TestSuite.java:208)
	at junit.framework.TestSuite.run(TestSuite.java:203)
	at sun.reflect.NativeMethodAccessorImpl.invoke0(Native Method)
	at sun.reflect.NativeMethodAccessorImpl.invoke(NativeMethodAccessorImpl.java:39)
	at sun.reflect.DelegatingMethodAccessorImpl.invoke(DelegatingMethodAccessorImpl.java:25)
	at java.lang.reflect.Method.invoke(Method.java:597)
	at org.apache.maven.surefire.junit.JUnitTestSet.execute(JUnitTestSet.java:95)
	at org.apache.maven.surefire.junit.JUnit3Provider.executeTestSet(JUnit3Provider.java:121)
	at org.apache.maven.surefire.junit.JUnit3Provider.invoke(JUnit3Provider.java:98)
	at sun.reflect.NativeMethodAccessorImpl.invoke0(Native Method)
	at sun.reflect.NativeMethodAccessorImpl.invoke(NativeMethodAccessorImpl.java:39)
	at sun.reflect.DelegatingMethodAccessorImpl.invoke(DelegatingMethodAccessorImpl.java:25)
	at java.lang.reflect.Method.invoke(Method.java:597)
	at org.apache.maven.surefire.util.ReflectionUtils.invokeMethodWithArray(ReflectionUtils.java:189)
	at org.apache.maven.surefire.booter.ProviderFactory$ProviderProxy.invoke(ProviderFactory.java:165)
	at org.apache.maven.surefire.booter.ProviderFactory.invokeProvider(ProviderFactory.java:85)
	at org.apache.maven.surefire.booter.ForkedBooter.runSuitesInProcess(ForkedBooter.java:115)
	at org.apache.maven.surefire.booter.ForkedBooter.main(ForkedBooter.java:75)
Caused by: java.lang.ClassNotFoundException: org.apache.log.format.Formatter
	at java.net.URLClassLoader$1.run(URLClassLoader.java:202)
	at java.security.AccessController.doPrivileged(Native Method)
	at java.net.URLClassLoader.findClass(URLClassLoader.java:190)
	at java.lang.ClassLoader.loadClass(ClassLoader.java:306)
	at sun.misc.Launcher$AppClassLoader.loadClass(Launcher.java:301)
	at java.lang.ClassLoader.loadClass(ClassLoader.java:247)
	... 42 more
2014-06-21 21:46:11,202 - Trying to use logger class org.apache.velocity.runtime.log.Log4JLogChute
2014-06-21 21:46:11,202 - Using logger class org.apache.velocity.runtime.log.Log4JLogChute
2014-06-21 21:46:11,204 - Default ResourceManager initializing. (class org.apache.velocity.runtime.resource.ResourceManagerImpl)
2014-06-21 21:46:11,208 - ResourceLoader instantiated: org.apache.velocity.runtime.resource.loader.FileResourceLoader
2014-06-21 21:46:11,209 - Do unicode file recognition:  false
2014-06-21 21:46:11,209 - FileResourceLoader : adding path '.'
2014-06-21 21:46:11,222 - ResourceCache: initialized (class org.apache.velocity.runtime.resource.ResourceCacheImpl)
2014-06-21 21:46:11,223 - Loaded System Directive: org.apache.velocity.runtime.directive.Literal
2014-06-21 21:46:11,224 - Loaded System Directive: org.apache.velocity.runtime.directive.Macro
2014-06-21 21:46:11,225 - Loaded System Directive: org.apache.velocity.runtime.directive.Parse
2014-06-21 21:46:11,226 - Loaded System Directive: org.apache.velocity.runtime.directive.Include
2014-06-21 21:46:11,226 - Loaded System Directive: org.apache.velocity.runtime.directive.Foreach
2014-06-21 21:46:11,248 - Created '20' parsers.
2014-06-21 21:46:11,253 - Velocimacro : "velocimacro.library" is not set.  Trying default library: VM_global_library.vm
2014-06-21 21:46:11,253 - Velocimacro : Default library not found.
2014-06-21 21:46:11,253 - Velocimacro : allowInline = true : VMs can be defined inline in templates
2014-06-21 21:46:11,253 - Velocimacro : allowInlineToOverride = false : VMs defined inline may NOT replace previous VM definitions
2014-06-21 21:46:11,253 - Velocimacro : allowInlineLocal = false : VMs defined inline will be global in scope if allowed.
2014-06-21 21:46:11,253 - Velocimacro : autoload off : VM system will not automatically reload global library macros
2014-06-21 22:04:50,435 - Log4JLogChute initialized using file 'velocity.log'
2014-06-21 22:04:50,436 - Velocity was not initialized! Calling init()...
2014-06-21 22:04:50,436 - Starting Apache Velocity v1.5 (compiled: 2007-02-22 08:52:29)
2014-06-21 22:04:50,436 - Default Properties File: org/apache/velocity/runtime/defaults/velocity.properties
2014-06-21 22:04:50,436 - Trying to use logger class org.apache.velocity.runtime.log.AvalonLogChute
2014-06-21 22:04:50,437 - Couldn't find class org.apache.velocity.runtime.log.AvalonLogChute or necessary supporting classes in classpath.
java.lang.NoClassDefFoundError: org/apache/log/format/Formatter
	at java.lang.Class.forName0(Native Method)
	at java.lang.Class.forName(Class.java:249)
	at org.apache.velocity.util.ClassUtils.getClass(ClassUtils.java:63)
	at org.apache.velocity.util.ClassUtils.getNewInstance(ClassUtils.java:95)
	at org.apache.velocity.runtime.log.LogManager.createLogChute(LogManager.java:147)
	at org.apache.velocity.runtime.log.LogManager.updateLog(LogManager.java:208)
	at org.apache.velocity.runtime.RuntimeInstance.initializeLog(RuntimeInstance.java:728)
	at org.apache.velocity.runtime.RuntimeInstance.init(RuntimeInstance.java:240)
	at org.apache.velocity.runtime.RuntimeInstance.parse(RuntimeInstance.java:993)
	at org.apache.velocity.runtime.RuntimeInstance.parse(RuntimeInstance.java:972)
	at org.apache.velocity.runtime.RuntimeSingleton.parse(RuntimeSingleton.java:265)
	at org.apache.velocity.app.Velocity.evaluate(Velocity.java:274)
	at com.jk.weather.WeatherFormatter.format(WeatherFormatter.java:21)
	at com.jk.weather.WeatherFormatterTest.testFormat(WeatherFormatterTest.java:17)
	at sun.reflect.NativeMethodAccessorImpl.invoke0(Native Method)
	at sun.reflect.NativeMethodAccessorImpl.invoke(NativeMethodAccessorImpl.java:39)
	at sun.reflect.DelegatingMethodAccessorImpl.invoke(DelegatingMethodAccessorImpl.java:25)
	at java.lang.reflect.Method.invoke(Method.java:597)
	at junit.framework.TestCase.runTest(TestCase.java:154)
	at junit.framework.TestCase.runBare(TestCase.java:127)
	at junit.framework.TestResult$1.protect(TestResult.java:106)
	at junit.framework.TestResult.runProtected(TestResult.java:124)
	at junit.framework.TestResult.run(TestResult.java:109)
	at junit.framework.TestCase.run(TestCase.java:118)
	at junit.framework.TestSuite.runTest(TestSuite.java:208)
	at junit.framework.TestSuite.run(TestSuite.java:203)
	at sun.reflect.NativeMethodAccessorImpl.invoke0(Native Method)
	at sun.reflect.NativeMethodAccessorImpl.invoke(NativeMethodAccessorImpl.java:39)
	at sun.reflect.DelegatingMethodAccessorImpl.invoke(DelegatingMethodAccessorImpl.java:25)
	at java.lang.reflect.Method.invoke(Method.java:597)
	at org.apache.maven.surefire.junit.JUnitTestSet.execute(JUnitTestSet.java:95)
	at org.apache.maven.surefire.junit.JUnit3Provider.executeTestSet(JUnit3Provider.java:121)
	at org.apache.maven.surefire.junit.JUnit3Provider.invoke(JUnit3Provider.java:98)
	at sun.reflect.NativeMethodAccessorImpl.invoke0(Native Method)
	at sun.reflect.NativeMethodAccessorImpl.invoke(NativeMethodAccessorImpl.java:39)
	at sun.reflect.DelegatingMethodAccessorImpl.invoke(DelegatingMethodAccessorImpl.java:25)
	at java.lang.reflect.Method.invoke(Method.java:597)
	at org.apache.maven.surefire.util.ReflectionUtils.invokeMethodWithArray(ReflectionUtils.java:189)
	at org.apache.maven.surefire.booter.ProviderFactory$ProviderProxy.invoke(ProviderFactory.java:165)
	at org.apache.maven.surefire.booter.ProviderFactory.invokeProvider(ProviderFactory.java:85)
	at org.apache.maven.surefire.booter.ForkedBooter.runSuitesInProcess(ForkedBooter.java:115)
	at org.apache.maven.surefire.booter.ForkedBooter.main(ForkedBooter.java:75)
Caused by: java.lang.ClassNotFoundException: org.apache.log.format.Formatter
	at java.net.URLClassLoader$1.run(URLClassLoader.java:202)
	at java.security.AccessController.doPrivileged(Native Method)
	at java.net.URLClassLoader.findClass(URLClassLoader.java:190)
	at java.lang.ClassLoader.loadClass(ClassLoader.java:306)
	at sun.misc.Launcher$AppClassLoader.loadClass(Launcher.java:301)
	at java.lang.ClassLoader.loadClass(ClassLoader.java:247)
	... 42 more
2014-06-21 22:04:50,439 - Trying to use logger class org.apache.velocity.runtime.log.Log4JLogChute
2014-06-21 22:04:50,439 - Using logger class org.apache.velocity.runtime.log.Log4JLogChute
2014-06-21 22:04:50,440 - Default ResourceManager initializing. (class org.apache.velocity.runtime.resource.ResourceManagerImpl)
2014-06-21 22:04:50,443 - ResourceLoader instantiated: org.apache.velocity.runtime.resource.loader.FileResourceLoader
2014-06-21 22:04:50,444 - Do unicode file recognition:  false
2014-06-21 22:04:50,444 - FileResourceLoader : adding path '.'
2014-06-21 22:04:50,452 - ResourceCache: initialized (class org.apache.velocity.runtime.resource.ResourceCacheImpl)
2014-06-21 22:04:50,453 - Loaded System Directive: org.apache.velocity.runtime.directive.Literal
2014-06-21 22:04:50,454 - Loaded System Directive: org.apache.velocity.runtime.directive.Macro
2014-06-21 22:04:50,455 - Loaded System Directive: org.apache.velocity.runtime.directive.Parse
2014-06-21 22:04:50,456 - Loaded System Directive: org.apache.velocity.runtime.directive.Include
2014-06-21 22:04:50,456 - Loaded System Directive: org.apache.velocity.runtime.directive.Foreach
2014-06-21 22:04:50,478 - Created '20' parsers.
2014-06-21 22:04:50,484 - Velocimacro : "velocimacro.library" is not set.  Trying default library: VM_global_library.vm
2014-06-21 22:04:50,484 - Velocimacro : Default library not found.
2014-06-21 22:04:50,484 - Velocimacro : allowInline = true : VMs can be defined inline in templates
2014-06-21 22:04:50,484 - Velocimacro : allowInlineToOverride = false : VMs defined inline may NOT replace previous VM definitions
2014-06-21 22:04:50,484 - Velocimacro : allowInlineLocal = false : VMs defined inline will be global in scope if allowed.
2014-06-21 22:04:50,484 - Velocimacro : autoload off : VM system will not automatically reload global library macros
2014-06-21 22:18:57,879 - Log4JLogChute initialized using file 'velocity.log'
2014-06-21 22:18:57,879 - Velocity was not initialized! Calling init()...
2014-06-21 22:18:57,879 - Starting Apache Velocity v1.5 (compiled: 2007-02-22 08:52:29)
2014-06-21 22:18:57,879 - Default Properties File: org/apache/velocity/runtime/defaults/velocity.properties
2014-06-21 22:18:57,879 - Trying to use logger class org.apache.velocity.runtime.log.AvalonLogChute
2014-06-21 22:18:57,880 - Couldn't find class org.apache.velocity.runtime.log.AvalonLogChute or necessary supporting classes in classpath.
java.lang.NoClassDefFoundError: org/apache/log/format/Formatter
	at java.lang.Class.forName0(Native Method)
	at java.lang.Class.forName(Class.java:249)
	at org.apache.velocity.util.ClassUtils.getClass(ClassUtils.java:63)
	at org.apache.velocity.util.ClassUtils.getNewInstance(ClassUtils.java:95)
	at org.apache.velocity.runtime.log.LogManager.createLogChute(LogManager.java:147)
	at org.apache.velocity.runtime.log.LogManager.updateLog(LogManager.java:208)
	at org.apache.velocity.runtime.RuntimeInstance.initializeLog(RuntimeInstance.java:728)
	at org.apache.velocity.runtime.RuntimeInstance.init(RuntimeInstance.java:240)
	at org.apache.velocity.runtime.RuntimeInstance.parse(RuntimeInstance.java:993)
	at org.apache.velocity.runtime.RuntimeInstance.parse(RuntimeInstance.java:972)
	at org.apache.velocity.runtime.RuntimeSingleton.parse(RuntimeSingleton.java:265)
	at org.apache.velocity.app.Velocity.evaluate(Velocity.java:274)
	at com.jk.weather.WeatherFormatter.format(WeatherFormatter.java:21)
	at com.jk.weather.WeatherFormatterTest.testFormat(WeatherFormatterTest.java:17)
	at sun.reflect.NativeMethodAccessorImpl.invoke0(Native Method)
	at sun.reflect.NativeMethodAccessorImpl.invoke(NativeMethodAccessorImpl.java:39)
	at sun.reflect.DelegatingMethodAccessorImpl.invoke(DelegatingMethodAccessorImpl.java:25)
	at java.lang.reflect.Method.invoke(Method.java:597)
	at junit.framework.TestCase.runTest(TestCase.java:154)
	at junit.framework.TestCase.runBare(TestCase.java:127)
	at junit.framework.TestResult$1.protect(TestResult.java:106)
	at junit.framework.TestResult.runProtected(TestResult.java:124)
	at junit.framework.TestResult.run(TestResult.java:109)
	at junit.framework.TestCase.run(TestCase.java:118)
	at junit.framework.TestSuite.runTest(TestSuite.java:208)
	at junit.framework.TestSuite.run(TestSuite.java:203)
	at sun.reflect.NativeMethodAccessorImpl.invoke0(Native Method)
	at sun.reflect.NativeMethodAccessorImpl.invoke(NativeMethodAccessorImpl.java:39)
	at sun.reflect.DelegatingMethodAccessorImpl.invoke(DelegatingMethodAccessorImpl.java:25)
	at java.lang.reflect.Method.invoke(Method.java:597)
	at org.apache.maven.surefire.junit.JUnitTestSet.execute(JUnitTestSet.java:95)
	at org.apache.maven.surefire.junit.JUnit3Provider.executeTestSet(JUnit3Provider.java:121)
	at org.apache.maven.surefire.junit.JUnit3Provider.invoke(JUnit3Provider.java:98)
	at sun.reflect.NativeMethodAccessorImpl.invoke0(Native Method)
	at sun.reflect.NativeMethodAccessorImpl.invoke(NativeMethodAccessorImpl.java:39)
	at sun.reflect.DelegatingMethodAccessorImpl.invoke(DelegatingMethodAccessorImpl.java:25)
	at java.lang.reflect.Method.invoke(Method.java:597)
	at org.apache.maven.surefire.util.ReflectionUtils.invokeMethodWithArray(ReflectionUtils.java:189)
	at org.apache.maven.surefire.booter.ProviderFactory$ProviderProxy.invoke(ProviderFactory.java:165)
	at org.apache.maven.surefire.booter.ProviderFactory.invokeProvider(ProviderFactory.java:85)
	at org.apache.maven.surefire.booter.ForkedBooter.runSuitesInProcess(ForkedBooter.java:115)
	at org.apache.maven.surefire.booter.ForkedBooter.main(ForkedBooter.java:75)
Caused by: java.lang.ClassNotFoundException: org.apache.log.format.Formatter
	at java.net.URLClassLoader$1.run(URLClassLoader.java:202)
	at java.security.AccessController.doPrivileged(Native Method)
	at java.net.URLClassLoader.findClass(URLClassLoader.java:190)
	at java.lang.ClassLoader.loadClass(ClassLoader.java:306)
	at sun.misc.Launcher$AppClassLoader.loadClass(Launcher.java:301)
	at java.lang.ClassLoader.loadClass(ClassLoader.java:247)
	... 42 more
2014-06-21 22:18:57,883 - Trying to use logger class org.apache.velocity.runtime.log.Log4JLogChute
2014-06-21 22:18:57,883 - Using logger class org.apache.velocity.runtime.log.Log4JLogChute
2014-06-21 22:18:57,884 - Default ResourceManager initializing. (class org.apache.velocity.runtime.resource.ResourceManagerImpl)
2014-06-21 22:18:57,887 - ResourceLoader instantiated: org.apache.velocity.runtime.resource.loader.FileResourceLoader
2014-06-21 22:18:57,888 - Do unicode file recognition:  false
2014-06-21 22:18:57,888 - FileResourceLoader : adding path '.'
2014-06-21 22:18:57,897 - ResourceCache: initialized (class org.apache.velocity.runtime.resource.ResourceCacheImpl)
2014-06-21 22:18:57,898 - Loaded System Directive: org.apache.velocity.runtime.directive.Literal
2014-06-21 22:18:57,899 - Loaded System Directive: org.apache.velocity.runtime.directive.Macro
2014-06-21 22:18:57,899 - Loaded System Directive: org.apache.velocity.runtime.directive.Parse
2014-06-21 22:18:57,900 - Loaded System Directive: org.apache.velocity.runtime.directive.Include
2014-06-21 22:18:57,901 - Loaded System Directive: org.apache.velocity.runtime.directive.Foreach
2014-06-21 22:18:57,922 - Created '20' parsers.
2014-06-21 22:18:57,927 - Velocimacro : "velocimacro.library" is not set.  Trying default library: VM_global_library.vm
2014-06-21 22:18:57,928 - Velocimacro : Default library not found.
2014-06-21 22:18:57,928 - Velocimacro : allowInline = true : VMs can be defined inline in templates
2014-06-21 22:18:57,928 - Velocimacro : allowInlineToOverride = false : VMs defined inline may NOT replace previous VM definitions
2014-06-21 22:18:57,928 - Velocimacro : allowInlineLocal = false : VMs defined inline will be global in scope if allowed.
2014-06-21 22:18:57,928 - Velocimacro : autoload off : VM system will not automatically reload global library macros
2014-06-21 22:19:25,690 - Log4JLogChute initialized using file 'velocity.log'
2014-06-21 22:19:25,691 - Velocity was not initialized! Calling init()...
2014-06-21 22:19:25,691 - Starting Apache Velocity v1.5 (compiled: 2007-02-22 08:52:29)
2014-06-21 22:19:25,691 - Default Properties File: org/apache/velocity/runtime/defaults/velocity.properties
2014-06-21 22:19:25,691 - Trying to use logger class org.apache.velocity.runtime.log.AvalonLogChute
2014-06-21 22:19:25,692 - Couldn't find class org.apache.velocity.runtime.log.AvalonLogChute or necessary supporting classes in classpath.
java.lang.NoClassDefFoundError: org/apache/log/format/Formatter
	at java.lang.Class.forName0(Native Method)
	at java.lang.Class.forName(Class.java:249)
	at org.apache.velocity.util.ClassUtils.getClass(ClassUtils.java:63)
	at org.apache.velocity.util.ClassUtils.getNewInstance(ClassUtils.java:95)
	at org.apache.velocity.runtime.log.LogManager.createLogChute(LogManager.java:147)
	at org.apache.velocity.runtime.log.LogManager.updateLog(LogManager.java:208)
	at org.apache.velocity.runtime.RuntimeInstance.initializeLog(RuntimeInstance.java:728)
	at org.apache.velocity.runtime.RuntimeInstance.init(RuntimeInstance.java:240)
	at org.apache.velocity.runtime.RuntimeInstance.parse(RuntimeInstance.java:993)
	at org.apache.velocity.runtime.RuntimeInstance.parse(RuntimeInstance.java:972)
	at org.apache.velocity.runtime.RuntimeSingleton.parse(RuntimeSingleton.java:265)
	at org.apache.velocity.app.Velocity.evaluate(Velocity.java:274)
	at com.jk.weather.WeatherFormatter.format(WeatherFormatter.java:21)
	at com.jk.weather.WeatherFormatterTest.testFormat(WeatherFormatterTest.java:17)
	at sun.reflect.NativeMethodAccessorImpl.invoke0(Native Method)
	at sun.reflect.NativeMethodAccessorImpl.invoke(NativeMethodAccessorImpl.java:39)
	at sun.reflect.DelegatingMethodAccessorImpl.invoke(DelegatingMethodAccessorImpl.java:25)
	at java.lang.reflect.Method.invoke(Method.java:597)
	at junit.framework.TestCase.runTest(TestCase.java:154)
	at junit.framework.TestCase.runBare(TestCase.java:127)
	at junit.framework.TestResult$1.protect(TestResult.java:106)
	at junit.framework.TestResult.runProtected(TestResult.java:124)
	at junit.framework.TestResult.run(TestResult.java:109)
	at junit.framework.TestCase.run(TestCase.java:118)
	at junit.framework.TestSuite.runTest(TestSuite.java:208)
	at junit.framework.TestSuite.run(TestSuite.java:203)
	at sun.reflect.NativeMethodAccessorImpl.invoke0(Native Method)
	at sun.reflect.NativeMethodAccessorImpl.invoke(NativeMethodAccessorImpl.java:39)
	at sun.reflect.DelegatingMethodAccessorImpl.invoke(DelegatingMethodAccessorImpl.java:25)
	at java.lang.reflect.Method.invoke(Method.java:597)
	at org.apache.maven.surefire.junit.JUnitTestSet.execute(JUnitTestSet.java:95)
	at org.apache.maven.surefire.junit.JUnit3Provider.executeTestSet(JUnit3Provider.java:121)
	at org.apache.maven.surefire.junit.JUnit3Provider.invoke(JUnit3Provider.java:98)
	at sun.reflect.NativeMethodAccessorImpl.invoke0(Native Method)
	at sun.reflect.NativeMethodAccessorImpl.invoke(NativeMethodAccessorImpl.java:39)
	at sun.reflect.DelegatingMethodAccessorImpl.invoke(DelegatingMethodAccessorImpl.java:25)
	at java.lang.reflect.Method.invoke(Method.java:597)
	at org.apache.maven.surefire.util.ReflectionUtils.invokeMethodWithArray(ReflectionUtils.java:189)
	at org.apache.maven.surefire.booter.ProviderFactory$ProviderProxy.invoke(ProviderFactory.java:165)
	at org.apache.maven.surefire.booter.ProviderFactory.invokeProvider(ProviderFactory.java:85)
	at org.apache.maven.surefire.booter.ForkedBooter.runSuitesInProcess(ForkedBooter.java:115)
	at org.apache.maven.surefire.booter.ForkedBooter.main(ForkedBooter.java:75)
Caused by: java.lang.ClassNotFoundException: org.apache.log.format.Formatter
	at java.net.URLClassLoader$1.run(URLClassLoader.java:202)
	at java.security.AccessController.doPrivileged(Native Method)
	at java.net.URLClassLoader.findClass(URLClassLoader.java:190)
	at java.lang.ClassLoader.loadClass(ClassLoader.java:306)
	at sun.misc.Launcher$AppClassLoader.loadClass(Launcher.java:301)
	at java.lang.ClassLoader.loadClass(ClassLoader.java:247)
	... 42 more
2014-06-21 22:19:25,695 - Trying to use logger class org.apache.velocity.runtime.log.Log4JLogChute
2014-06-21 22:19:25,695 - Using logger class org.apache.velocity.runtime.log.Log4JLogChute
2014-06-21 22:19:25,696 - Default ResourceManager initializing. (class org.apache.velocity.runtime.resource.ResourceManagerImpl)
2014-06-21 22:19:25,698 - ResourceLoader instantiated: org.apache.velocity.runtime.resource.loader.FileResourceLoader
2014-06-21 22:19:25,699 - Do unicode file recognition:  false
2014-06-21 22:19:25,699 - FileResourceLoader : adding path '.'
2014-06-21 22:19:25,708 - ResourceCache: initialized (class org.apache.velocity.runtime.resource.ResourceCacheImpl)
2014-06-21 22:19:25,709 - Loaded System Directive: org.apache.velocity.runtime.directive.Literal
2014-06-21 22:19:25,710 - Loaded System Directive: org.apache.velocity.runtime.directive.Macro
2014-06-21 22:19:25,711 - Loaded System Directive: org.apache.velocity.runtime.directive.Parse
2014-06-21 22:19:25,712 - Loaded System Directive: org.apache.velocity.runtime.directive.Include
2014-06-21 22:19:25,713 - Loaded System Directive: org.apache.velocity.runtime.directive.Foreach
2014-06-21 22:19:25,733 - Created '20' parsers.
2014-06-21 22:19:25,738 - Velocimacro : "velocimacro.library" is not set.  Trying default library: VM_global_library.vm
2014-06-21 22:19:25,738 - Velocimacro : Default library not found.
2014-06-21 22:19:25,738 - Velocimacro : allowInline = true : VMs can be defined inline in templates
2014-06-21 22:19:25,738 - Velocimacro : allowInlineToOverride = false : VMs defined inline may NOT replace previous VM definitions
2014-06-21 22:19:25,738 - Velocimacro : allowInlineLocal = false : VMs defined inline will be global in scope if allowed.
2014-06-21 22:19:25,738 - Velocimacro : autoload off : VM system will not automatically reload global library macros
2014-06-21 22:20:21,589 - Log4JLogChute initialized using file 'velocity.log'
2014-06-21 22:20:21,590 - Velocity was not initialized! Calling init()...
2014-06-21 22:20:21,590 - Starting Apache Velocity v1.5 (compiled: 2007-02-22 08:52:29)
2014-06-21 22:20:21,590 - Default Properties File: org/apache/velocity/runtime/defaults/velocity.properties
2014-06-21 22:20:21,590 - Trying to use logger class org.apache.velocity.runtime.log.AvalonLogChute
2014-06-21 22:20:21,591 - Couldn't find class org.apache.velocity.runtime.log.AvalonLogChute or necessary supporting classes in classpath.
java.lang.NoClassDefFoundError: org/apache/log/format/Formatter
	at java.lang.Class.forName0(Native Method)
	at java.lang.Class.forName(Class.java:249)
	at org.apache.velocity.util.ClassUtils.getClass(ClassUtils.java:63)
	at org.apache.velocity.util.ClassUtils.getNewInstance(ClassUtils.java:95)
	at org.apache.velocity.runtime.log.LogManager.createLogChute(LogManager.java:147)
	at org.apache.velocity.runtime.log.LogManager.updateLog(LogManager.java:208)
	at org.apache.velocity.runtime.RuntimeInstance.initializeLog(RuntimeInstance.java:728)
	at org.apache.velocity.runtime.RuntimeInstance.init(RuntimeInstance.java:240)
	at org.apache.velocity.runtime.RuntimeInstance.parse(RuntimeInstance.java:993)
	at org.apache.velocity.runtime.RuntimeInstance.parse(RuntimeInstance.java:972)
	at org.apache.velocity.runtime.RuntimeSingleton.parse(RuntimeSingleton.java:265)
	at org.apache.velocity.app.Velocity.evaluate(Velocity.java:274)
	at com.jk.weather.WeatherFormatter.format(WeatherFormatter.java:21)
	at com.jk.weather.WeatherFormatterTest.testFormat(WeatherFormatterTest.java:17)
	at sun.reflect.NativeMethodAccessorImpl.invoke0(Native Method)
	at sun.reflect.NativeMethodAccessorImpl.invoke(NativeMethodAccessorImpl.java:39)
	at sun.reflect.DelegatingMethodAccessorImpl.invoke(DelegatingMethodAccessorImpl.java:25)
	at java.lang.reflect.Method.invoke(Method.java:597)
	at junit.framework.TestCase.runTest(TestCase.java:154)
	at junit.framework.TestCase.runBare(TestCase.java:127)
	at junit.framework.TestResult$1.protect(TestResult.java:106)
	at junit.framework.TestResult.runProtected(TestResult.java:124)
	at junit.framework.TestResult.run(TestResult.java:109)
	at junit.framework.TestCase.run(TestCase.java:118)
	at junit.framework.TestSuite.runTest(TestSuite.java:208)
	at junit.framework.TestSuite.run(TestSuite.java:203)
	at sun.reflect.NativeMethodAccessorImpl.invoke0(Native Method)
	at sun.reflect.NativeMethodAccessorImpl.invoke(NativeMethodAccessorImpl.java:39)
	at sun.reflect.DelegatingMethodAccessorImpl.invoke(DelegatingMethodAccessorImpl.java:25)
	at java.lang.reflect.Method.invoke(Method.java:597)
	at org.apache.maven.surefire.junit.JUnitTestSet.execute(JUnitTestSet.java:95)
	at org.apache.maven.surefire.junit.JUnit3Provider.executeTestSet(JUnit3Provider.java:121)
	at org.apache.maven.surefire.junit.JUnit3Provider.invoke(JUnit3Provider.java:98)
	at sun.reflect.NativeMethodAccessorImpl.invoke0(Native Method)
	at sun.reflect.NativeMethodAccessorImpl.invoke(NativeMethodAccessorImpl.java:39)
	at sun.reflect.DelegatingMethodAccessorImpl.invoke(DelegatingMethodAccessorImpl.java:25)
	at java.lang.reflect.Method.invoke(Method.java:597)
	at org.apache.maven.surefire.util.ReflectionUtils.invokeMethodWithArray(ReflectionUtils.java:189)
	at org.apache.maven.surefire.booter.ProviderFactory$ProviderProxy.invoke(ProviderFactory.java:165)
	at org.apache.maven.surefire.booter.ProviderFactory.invokeProvider(ProviderFactory.java:85)
	at org.apache.maven.surefire.booter.ForkedBooter.runSuitesInProcess(ForkedBooter.java:115)
	at org.apache.maven.surefire.booter.ForkedBooter.main(ForkedBooter.java:75)
Caused by: java.lang.ClassNotFoundException: org.apache.log.format.Formatter
	at java.net.URLClassLoader$1.run(URLClassLoader.java:202)
	at java.security.AccessController.doPrivileged(Native Method)
	at java.net.URLClassLoader.findClass(URLClassLoader.java:190)
	at java.lang.ClassLoader.loadClass(ClassLoader.java:306)
	at sun.misc.Launcher$AppClassLoader.loadClass(Launcher.java:301)
	at java.lang.ClassLoader.loadClass(ClassLoader.java:247)
	... 42 more
2014-06-21 22:20:21,593 - Trying to use logger class org.apache.velocity.runtime.log.Log4JLogChute
2014-06-21 22:20:21,594 - Using logger class org.apache.velocity.runtime.log.Log4JLogChute
2014-06-21 22:20:21,595 - Default ResourceManager initializing. (class org.apache.velocity.runtime.resource.ResourceManagerImpl)
2014-06-21 22:20:21,597 - ResourceLoader instantiated: org.apache.velocity.runtime.resource.loader.FileResourceLoader
2014-06-21 22:20:21,598 - Do unicode file recognition:  false
2014-06-21 22:20:21,598 - FileResourceLoader : adding path '.'
2014-06-21 22:20:21,607 - ResourceCache: initialized (class org.apache.velocity.runtime.resource.ResourceCacheImpl)
2014-06-21 22:20:21,608 - Loaded System Directive: org.apache.velocity.runtime.directive.Literal
2014-06-21 22:20:21,609 - Loaded System Directive: org.apache.velocity.runtime.directive.Macro
2014-06-21 22:20:21,610 - Loaded System Directive: org.apache.velocity.runtime.directive.Parse
2014-06-21 22:20:21,611 - Loaded System Directive: org.apache.velocity.runtime.directive.Include
2014-06-21 22:20:21,612 - Loaded System Directive: org.apache.velocity.runtime.directive.Foreach
2014-06-21 22:20:21,632 - Created '20' parsers.
2014-06-21 22:20:21,637 - Velocimacro : "velocimacro.library" is not set.  Trying default library: VM_global_library.vm
2014-06-21 22:20:21,637 - Velocimacro : Default library not found.
2014-06-21 22:20:21,637 - Velocimacro : allowInline = true : VMs can be defined inline in templates
2014-06-21 22:20:21,637 - Velocimacro : allowInlineToOverride = false : VMs defined inline may NOT replace previous VM definitions
2014-06-21 22:20:21,637 - Velocimacro : allowInlineLocal = false : VMs defined inline will be global in scope if allowed.
2014-06-21 22:20:21,637 - Velocimacro : autoload off : VM system will not automatically reload global library macros
